[35m[1mConsolidate compiler generated dependencies of target find_way[0m
[ 50%] [32mBuilding CXX object CMakeFiles/find_way.dir/src/find_way.cpp.o[0m
[100%] [32m[1mLinking CXX executable find_way[0m
[100%] Built target find_way
-- Install configuration: ""
-- Installing: /home/automation/projec_ws/cppros2_projects/avoid_obstacle/install/avoid_obstacle/lib/avoid_obstacle/find_way
-- Set runtime path of "/home/automation/projec_ws/cppros2_projects/avoid_obstacle/install/avoid_obstacle/lib/avoid_obstacle/find_way" to ""
-- Installing: /home/automation/projec_ws/cppros2_projects/avoid_obstacle/install/avoid_obstacle/share/ament_index/resource_index/package_run_dependencies/avoid_obstacle
-- Installing: /home/automation/projec_ws/cppros2_projects/avoid_obstacle/install/avoid_obstacle/share/ament_index/resource_index/parent_prefix_path/avoid_obstacle
-- Installing: /home/automation/projec_ws/cppros2_projects/avoid_obstacle/install/avoid_obstacle/share/avoid_obstacle/environment/ament_prefix_path.sh
-- Installing: /home/automation/projec_ws/cppros2_projects/avoid_obstacle/install/avoid_obstacle/share/avoid_obstacle/environment/ament_prefix_path.dsv
-- Installing: /home/automation/projec_ws/cppros2_projects/avoid_obstacle/install/avoid_obstacle/share/avoid_obstacle/environment/path.sh
-- Installing: /home/automation/projec_ws/cppros2_projects/avoid_obstacle/install/avoid_obstacle/share/avoid_obstacle/environment/path.dsv
-- Installing: /home/automation/projec_ws/cppros2_projects/avoid_obstacle/install/avoid_obstacle/share/avoid_obstacle/local_setup.bash
-- Installing: /home/automation/projec_ws/cppros2_projects/avoid_obstacle/install/avoid_obstacle/share/avoid_obstacle/local_setup.sh
-- Installing: /home/automation/projec_ws/cppros2_projects/avoid_obstacle/install/avoid_obstacle/share/avoid_obstacle/local_setup.zsh
-- Installing: /home/automation/projec_ws/cppros2_projects/avoid_obstacle/install/avoid_obstacle/share/avoid_obstacle/local_setup.dsv
-- Installing: /home/automation/projec_ws/cppros2_projects/avoid_obstacle/install/avoid_obstacle/share/avoid_obstacle/package.dsv
-- Installing: /home/automation/projec_ws/cppros2_projects/avoid_obstacle/install/avoid_obstacle/share/ament_index/resource_index/packages/avoid_obstacle
-- Installing: /home/automation/projec_ws/cppros2_projects/avoid_obstacle/install/avoid_obstacle/share/avoid_obstacle/cmake/avoid_obstacleConfig.cmake
-- Installing: /home/automation/projec_ws/cppros2_projects/avoid_obstacle/install/avoid_obstacle/share/avoid_obstacle/cmake/avoid_obstacleConfig-version.cmake
-- Installing: /home/automation/projec_ws/cppros2_projects/avoid_obstacle/install/avoid_obstacle/share/avoid_obstacle/package.xml
