[0.139s] Invoking command in '/home/automation/projec_ws/cppros2_projects/avoid_obstacle/build/avoid_obstacle': CMAKE_PREFIX_PATH=/home/automation/projec_ws/ros2Projects/install/ros2_teleop_keyboard:/home/automation/projec_ws/ros2Projects/install/obstacle_avoidance:/home/automation/projec_ws/ros2Projects/install/blink_publisher:/home/automation/projec_ws/ros2Projects/install/WirelessRangeEstimator:/opt/ros/humble /usr/bin/cmake --build /home/automation/projec_ws/cppros2_projects/avoid_obstacle/build/avoid_obstacle -- -j2 -l2
[0.722s] [35m[1mConsolidate compiler generated dependencies of target find_way[0m
[0.900s] [ 50%] [32mBuilding CXX object CMakeFiles/find_way.dir/src/find_way.cpp.o[0m
[27.545s] [100%] [32m[1mLinking CXX executable find_way[0m
[28.763s] [100%] Built target find_way
[29.262s] Invoked command in '/home/automation/projec_ws/cppros2_projects/avoid_obstacle/build/avoid_obstacle' returned '0': CMAKE_PREFIX_PATH=/home/automation/projec_ws/ros2Projects/install/ros2_teleop_keyboard:/home/automation/projec_ws/ros2Projects/install/obstacle_avoidance:/home/automation/projec_ws/ros2Projects/install/blink_publisher:/home/automation/projec_ws/ros2Projects/install/WirelessRangeEstimator:/opt/ros/humble /usr/bin/cmake --build /home/automation/projec_ws/cppros2_projects/avoid_obstacle/build/avoid_obstacle -- -j2 -l2
[29.650s] Invoking command in '/home/automation/projec_ws/cppros2_projects/avoid_obstacle/build/avoid_obstacle': CMAKE_PREFIX_PATH=/home/automation/projec_ws/ros2Projects/install/ros2_teleop_keyboard:/home/automation/projec_ws/ros2Projects/install/obstacle_avoidance:/home/automation/projec_ws/ros2Projects/install/blink_publisher:/home/automation/projec_ws/ros2Projects/install/WirelessRangeEstimator:/opt/ros/humble /usr/bin/cmake --install /home/automation/projec_ws/cppros2_projects/avoid_obstacle/build/avoid_obstacle
[29.681s] -- Install configuration: ""
[29.685s] -- Installing: /home/automation/projec_ws/cppros2_projects/avoid_obstacle/install/avoid_obstacle/lib/avoid_obstacle/find_way
[29.705s] -- Set runtime path of "/home/automation/projec_ws/cppros2_projects/avoid_obstacle/install/avoid_obstacle/lib/avoid_obstacle/find_way" to ""
[29.708s] -- Installing: /home/automation/projec_ws/cppros2_projects/avoid_obstacle/install/avoid_obstacle/share/ament_index/resource_index/package_run_dependencies/avoid_obstacle
[29.710s] -- Installing: /home/automation/projec_ws/cppros2_projects/avoid_obstacle/install/avoid_obstacle/share/ament_index/resource_index/parent_prefix_path/avoid_obstacle
[29.716s] -- Installing: /home/automation/projec_ws/cppros2_projects/avoid_obstacle/install/avoid_obstacle/share/avoid_obstacle/environment/ament_prefix_path.sh
[29.718s] -- Installing: /home/automation/projec_ws/cppros2_projects/avoid_obstacle/install/avoid_obstacle/share/avoid_obstacle/environment/ament_prefix_path.dsv
[29.719s] -- Installing: /home/automation/projec_ws/cppros2_projects/avoid_obstacle/install/avoid_obstacle/share/avoid_obstacle/environment/path.sh
[29.721s] -- Installing: /home/automation/projec_ws/cppros2_projects/avoid_obstacle/install/avoid_obstacle/share/avoid_obstacle/environment/path.dsv
[29.721s] -- Installing: /home/automation/projec_ws/cppros2_projects/avoid_obstacle/install/avoid_obstacle/share/avoid_obstacle/local_setup.bash
[29.723s] -- Installing: /home/automation/projec_ws/cppros2_projects/avoid_obstacle/install/avoid_obstacle/share/avoid_obstacle/local_setup.sh
[29.725s] -- Installing: /home/automation/projec_ws/cppros2_projects/avoid_obstacle/install/avoid_obstacle/share/avoid_obstacle/local_setup.zsh
[29.725s] -- Installing: /home/automation/projec_ws/cppros2_projects/avoid_obstacle/install/avoid_obstacle/share/avoid_obstacle/local_setup.dsv
[29.727s] -- Installing: /home/automation/projec_ws/cppros2_projects/avoid_obstacle/install/avoid_obstacle/share/avoid_obstacle/package.dsv
[29.728s] -- Installing: /home/automation/projec_ws/cppros2_projects/avoid_obstacle/install/avoid_obstacle/share/ament_index/resource_index/packages/avoid_obstacle
[29.729s] -- Installing: /home/automation/projec_ws/cppros2_projects/avoid_obstacle/install/avoid_obstacle/share/avoid_obstacle/cmake/avoid_obstacleConfig.cmake
[29.730s] -- Installing: /home/automation/projec_ws/cppros2_projects/avoid_obstacle/install/avoid_obstacle/share/avoid_obstacle/cmake/avoid_obstacleConfig-version.cmake
[29.731s] -- Installing: /home/automation/projec_ws/cppros2_projects/avoid_obstacle/install/avoid_obstacle/share/avoid_obstacle/package.xml
[29.759s] Invoked command in '/home/automation/projec_ws/cppros2_projects/avoid_obstacle/build/avoid_obstacle' returned '0': CMAKE_PREFIX_PATH=/home/automation/projec_ws/ros2Projects/install/ros2_teleop_keyboard:/home/automation/projec_ws/ros2Projects/install/obstacle_avoidance:/home/automation/projec_ws/ros2Projects/install/blink_publisher:/home/automation/projec_ws/ros2Projects/install/WirelessRangeEstimator:/opt/ros/humble /usr/bin/cmake --install /home/automation/projec_ws/cppros2_projects/avoid_obstacle/build/avoid_obstacle
