[3.071s] DEBUG:colcon:Command line arguments: ['/home/automation/.local/bin/colcon', 'build', '--packages-select', 'avoid_obstacle']
[3.072s] DEBUG:colcon:Parsed command line arguments: Namespace(log_base=None, log_level=None, verb_name='build', build_base='build', install_base='install', merge_install=False, symlink_install=False, test_result_base=None, continue_on_error=False, executor='parallel', parallel_workers=2, event_handlers=None, ignore_user_meta=False, metas=['./colcon.meta'], base_paths=['.'], packages_ignore=None, packages_ignore_regex=None, paths=None, packages_up_to=None, packages_up_to_regex=None, packages_above=None, packages_above_and_dependencies=None, packages_above_depth=None, packages_select_by_dep=None, packages_skip_by_dep=None, packages_skip_up_to=None, packages_select_build_failed=False, packages_skip_build_finished=False, packages_select_test_failures=False, packages_skip_test_passed=False, packages_select=['avoid_obstacle'], packages_skip=None, packages_select_regex=None, packages_skip_regex=None, packages_start=None, packages_end=None, cmake_args=None, cmake_target=None, cmake_target_skip_unavailable=False, cmake_clean_cache=False, cmake_clean_first=False, cmake_force_configure=False, ament_cmake_args=None, catkin_cmake_args=None, catkin_skip_building_tests=False, verb_parser=<colcon_defaults.argument_parser.defaults.DefaultArgumentsDecorator object at 0x7f55607c1750>, verb_extension=<colcon_core.verb.build.BuildVerb object at 0x7f556115dc00>, main=<bound method BuildVerb.main of <colcon_core.verb.build.BuildVerb object at 0x7f556115dc00>>)
[3.289s] Level 1:colcon.colcon_core.package_discovery:discover_packages(colcon_meta) check parameters
[3.290s] Level 1:colcon.colcon_core.package_discovery:discover_packages(recursive) check parameters
[3.291s] Level 1:colcon.colcon_core.package_discovery:discover_packages(ignore) check parameters
[3.291s] Level 1:colcon.colcon_core.package_discovery:discover_packages(path) check parameters
[3.291s] Level 1:colcon.colcon_core.package_discovery:discover_packages(colcon_meta) discover
[3.291s] Level 1:colcon.colcon_core.package_discovery:discover_packages(recursive) discover
[3.292s] INFO:colcon.colcon_core.package_discovery:Crawling recursively for packages in '/home/automation/projec_ws/cppros2_projects/avoid_obstacle'
[3.292s] Level 1:colcon.colcon_core.package_identification:_identify(.) by extensions ['ignore', 'ignore_ament_install']
[3.292s] Level 1:colcon.colcon_core.package_identification:_identify(.) by extension 'ignore'
[3.293s] Level 1:colcon.colcon_core.package_identification:_identify(.) by extension 'ignore_ament_install'
[3.293s] Level 1:colcon.colcon_core.package_identification:_identify(.) by extensions ['colcon_pkg']
[3.293s] Level 1:colcon.colcon_core.package_identification:_identify(.) by extension 'colcon_pkg'
[3.294s] Level 1:colcon.colcon_core.package_identification:_identify(.) by extensions ['colcon_meta']
[3.294s] Level 1:colcon.colcon_core.package_identification:_identify(.) by extension 'colcon_meta'
[3.294s] Level 1:colcon.colcon_core.package_identification:_identify(.) by extensions ['ros']
[3.294s] Level 1:colcon.colcon_core.package_identification:_identify(.) by extension 'ros'
[3.362s] DEBUG:colcon.colcon_core.package_identification:Package '.' with type 'ros.ament_cmake' and name 'avoid_obstacle'
[3.362s] Level 1:colcon.colcon_core.package_discovery:discover_packages(recursive) using defaults
[3.362s] Level 1:colcon.colcon_core.package_discovery:discover_packages(ignore) discover
[3.362s] Level 1:colcon.colcon_core.package_discovery:discover_packages(ignore) using defaults
[3.363s] Level 1:colcon.colcon_core.package_discovery:discover_packages(path) discover
[3.363s] Level 1:colcon.colcon_core.package_discovery:discover_packages(path) using defaults
[3.556s] Level 5:colcon.colcon_core.verb:set package 'avoid_obstacle' build argument 'cmake_args' from command line to 'None'
[3.556s] Level 5:colcon.colcon_core.verb:set package 'avoid_obstacle' build argument 'cmake_target' from command line to 'None'
[3.556s] Level 5:colcon.colcon_core.verb:set package 'avoid_obstacle' build argument 'cmake_target_skip_unavailable' from command line to 'False'
[3.556s] Level 5:colcon.colcon_core.verb:set package 'avoid_obstacle' build argument 'cmake_clean_cache' from command line to 'False'
[3.557s] Level 5:colcon.colcon_core.verb:set package 'avoid_obstacle' build argument 'cmake_clean_first' from command line to 'False'
[3.557s] Level 5:colcon.colcon_core.verb:set package 'avoid_obstacle' build argument 'cmake_force_configure' from command line to 'False'
[3.557s] Level 5:colcon.colcon_core.verb:set package 'avoid_obstacle' build argument 'ament_cmake_args' from command line to 'None'
[3.557s] Level 5:colcon.colcon_core.verb:set package 'avoid_obstacle' build argument 'catkin_cmake_args' from command line to 'None'
[3.557s] Level 5:colcon.colcon_core.verb:set package 'avoid_obstacle' build argument 'catkin_skip_building_tests' from command line to 'False'
[3.558s] DEBUG:colcon.colcon_core.verb:Building package 'avoid_obstacle' with the following arguments: {'ament_cmake_args': None, 'build_base': '/home/automation/projec_ws/cppros2_projects/avoid_obstacle/build/avoid_obstacle', 'catkin_cmake_args': None, 'catkin_skip_building_tests': False, 'cmake_args': None, 'cmake_clean_cache': False, 'cmake_clean_first': False, 'cmake_force_configure': False, 'cmake_target': None, 'cmake_target_skip_unavailable': False, 'install_base': '/home/automation/projec_ws/cppros2_projects/avoid_obstacle/install/avoid_obstacle', 'merge_install': False, 'path': '/home/automation/projec_ws/cppros2_projects/avoid_obstacle', 'symlink_install': False, 'test_result_base': None}
[3.564s] INFO:colcon.colcon_core.executor:Executing jobs using 'parallel' executor
[3.615s] DEBUG:colcon.colcon_parallel_executor.executor.parallel:run_until_complete
[3.615s] INFO:colcon.colcon_ros.task.ament_cmake.build:Building ROS package in '/home/automation/projec_ws/cppros2_projects/avoid_obstacle' with build type 'ament_cmake'
[3.616s] INFO:colcon.colcon_cmake.task.cmake.build:Building CMake package in '/home/automation/projec_ws/cppros2_projects/avoid_obstacle'
[3.680s] INFO:colcon.colcon_core.plugin_system:Skipping extension 'colcon_core.shell.bat': Not used on non-Windows systems
[3.681s] INFO:colcon.colcon_core.shell:Skip shell extension 'powershell' for command environment: Not usable outside of PowerShell
[3.681s] DEBUG:colcon.colcon_core.shell:Skip shell extension 'dsv' for command environment
[3.934s] DEBUG:colcon.colcon_core.event_handler.log_command:Invoking command in '/home/automation/projec_ws/cppros2_projects/avoid_obstacle/build/avoid_obstacle': CMAKE_PREFIX_PATH=/home/automation/projec_ws/ros2Projects/install/ros2_teleop_keyboard:/home/automation/projec_ws/ros2Projects/install/obstacle_avoidance:/home/automation/projec_ws/ros2Projects/install/blink_publisher:/home/automation/projec_ws/ros2Projects/install/WirelessRangeEstimator:/opt/ros/humble /usr/bin/cmake --build /home/automation/projec_ws/cppros2_projects/avoid_obstacle/build/avoid_obstacle -- -j2 -l2
[27.942s] DEBUG:colcon.colcon_core.event_handler.log_command:Invoked command in '/home/automation/projec_ws/cppros2_projects/avoid_obstacle/build/avoid_obstacle' returned '2': CMAKE_PREFIX_PATH=/home/automation/projec_ws/ros2Projects/install/ros2_teleop_keyboard:/home/automation/projec_ws/ros2Projects/install/obstacle_avoidance:/home/automation/projec_ws/ros2Projects/install/blink_publisher:/home/automation/projec_ws/ros2Projects/install/WirelessRangeEstimator:/opt/ros/humble /usr/bin/cmake --build /home/automation/projec_ws/cppros2_projects/avoid_obstacle/build/avoid_obstacle -- -j2 -l2
[28.543s] Level 1:colcon.colcon_core.environment:create_environment_scripts_only(avoid_obstacle)
[28.749s] Level 1:colcon.colcon_core.environment:checking '/home/automation/projec_ws/cppros2_projects/avoid_obstacle/install/avoid_obstacle' for CMake module files
[28.762s] Level 1:colcon.colcon_core.environment:checking '/home/automation/projec_ws/cppros2_projects/avoid_obstacle/install/avoid_obstacle' for CMake config files
[28.799s] Level 1:colcon.colcon_core.environment:checking '/home/automation/projec_ws/cppros2_projects/avoid_obstacle/install/avoid_obstacle/bin'
[28.800s] Level 1:colcon.colcon_core.environment:checking '/home/automation/projec_ws/cppros2_projects/avoid_obstacle/install/avoid_obstacle/lib/pkgconfig/avoid_obstacle.pc'
[28.838s] Level 1:colcon.colcon_core.environment:checking '/home/automation/projec_ws/cppros2_projects/avoid_obstacle/install/avoid_obstacle/lib/python3.10/site-packages'
[28.839s] Level 1:colcon.colcon_core.environment:checking '/home/automation/projec_ws/cppros2_projects/avoid_obstacle/install/avoid_obstacle/bin'
[28.858s] INFO:colcon.colcon_core.shell:Creating package script '/home/automation/projec_ws/cppros2_projects/avoid_obstacle/install/avoid_obstacle/share/avoid_obstacle/package.ps1'
[28.911s] INFO:colcon.colcon_core.shell:Creating package descriptor '/home/automation/projec_ws/cppros2_projects/avoid_obstacle/install/avoid_obstacle/share/avoid_obstacle/package.dsv'
[28.917s] INFO:colcon.colcon_core.shell:Creating package script '/home/automation/projec_ws/cppros2_projects/avoid_obstacle/install/avoid_obstacle/share/avoid_obstacle/package.sh'
[28.922s] INFO:colcon.colcon_core.shell:Creating package script '/home/automation/projec_ws/cppros2_projects/avoid_obstacle/install/avoid_obstacle/share/avoid_obstacle/package.bash'
[28.927s] INFO:colcon.colcon_core.shell:Creating package script '/home/automation/projec_ws/cppros2_projects/avoid_obstacle/install/avoid_obstacle/share/avoid_obstacle/package.zsh'
[28.933s] Level 1:colcon.colcon_core.environment:create_file_with_runtime_dependencies(/home/automation/projec_ws/cppros2_projects/avoid_obstacle/install/avoid_obstacle/share/colcon-core/packages/avoid_obstacle)
[28.984s] DEBUG:colcon.colcon_parallel_executor.executor.parallel:closing loop
[28.997s] DEBUG:colcon.colcon_parallel_executor.executor.parallel:loop closed
[28.999s] DEBUG:colcon.colcon_parallel_executor.executor.parallel:run_until_complete finished with '2'
[29.002s] DEBUG:colcon.colcon_core.event_reactor:joining thread
[29.180s] INFO:colcon.colcon_core.plugin_system:Skipping extension 'colcon_notification.desktop_notification.terminal_notifier': Not used on non-Darwin systems
[29.180s] INFO:colcon.colcon_core.plugin_system:Skipping extension 'colcon_notification.desktop_notification.win32': Not used on non-Windows systems
[29.181s] INFO:colcon.colcon_notification.desktop_notification:Sending desktop notification using 'notify2'
[30.226s] DEBUG:colcon.colcon_core.event_reactor:joined thread
[30.258s] INFO:colcon.colcon_core.shell:Creating prefix script '/home/automation/projec_ws/cppros2_projects/avoid_obstacle/install/local_setup.ps1'
[30.262s] INFO:colcon.colcon_core.shell:Creating prefix util module '/home/automation/projec_ws/cppros2_projects/avoid_obstacle/install/_local_setup_util_ps1.py'
[30.270s] INFO:colcon.colcon_core.shell:Creating prefix chain script '/home/automation/projec_ws/cppros2_projects/avoid_obstacle/install/setup.ps1'
[30.314s] INFO:colcon.colcon_core.shell:Creating prefix script '/home/automation/projec_ws/cppros2_projects/avoid_obstacle/install/local_setup.sh'
[30.318s] INFO:colcon.colcon_core.shell:Creating prefix util module '/home/automation/projec_ws/cppros2_projects/avoid_obstacle/install/_local_setup_util_sh.py'
[30.321s] INFO:colcon.colcon_core.shell:Creating prefix chain script '/home/automation/projec_ws/cppros2_projects/avoid_obstacle/install/setup.sh'
[30.343s] INFO:colcon.colcon_core.shell:Creating prefix script '/home/automation/projec_ws/cppros2_projects/avoid_obstacle/install/local_setup.bash'
[30.345s] INFO:colcon.colcon_core.shell:Creating prefix chain script '/home/automation/projec_ws/cppros2_projects/avoid_obstacle/install/setup.bash'
[30.365s] INFO:colcon.colcon_core.shell:Creating prefix script '/home/automation/projec_ws/cppros2_projects/avoid_obstacle/install/local_setup.zsh'
[30.369s] INFO:colcon.colcon_core.shell:Creating prefix chain script '/home/automation/projec_ws/cppros2_projects/avoid_obstacle/install/setup.zsh'
