[2.954s] DEBUG:colcon:Command line arguments: ['/home/automation/.local/bin/colcon', 'build', '--packages-select', 'avoid_obstacle']
[2.956s] DEBUG:colcon:Parsed command line arguments: Namespace(log_base=None, log_level=None, verb_name='build', build_base='build', install_base='install', merge_install=False, symlink_install=False, test_result_base=None, continue_on_error=False, executor='parallel', parallel_workers=2, event_handlers=None, ignore_user_meta=False, metas=['./colcon.meta'], base_paths=['.'], packages_ignore=None, packages_ignore_regex=None, paths=None, packages_up_to=None, packages_up_to_regex=None, packages_above=None, packages_above_and_dependencies=None, packages_above_depth=None, packages_select_by_dep=None, packages_skip_by_dep=None, packages_skip_up_to=None, packages_select_build_failed=False, packages_skip_build_finished=False, packages_select_test_failures=False, packages_skip_test_passed=False, packages_select=['avoid_obstacle'], packages_skip=None, packages_select_regex=None, packages_skip_regex=None, packages_start=None, packages_end=None, cmake_args=None, cmake_target=None, cmake_target_skip_unavailable=False, cmake_clean_cache=False, cmake_clean_first=False, cmake_force_configure=False, ament_cmake_args=None, catkin_cmake_args=None, catkin_skip_building_tests=False, verb_parser=<colcon_defaults.argument_parser.defaults.DefaultArgumentsDecorator object at 0x7f18704b0f40>, verb_extension=<colcon_core.verb.build.BuildVerb object at 0x7f187044ae90>, main=<bound method BuildVerb.main of <colcon_core.verb.build.BuildVerb object at 0x7f187044ae90>>)
[3.133s] Level 1:colcon.colcon_core.package_discovery:discover_packages(colcon_meta) check parameters
[3.133s] Level 1:colcon.colcon_core.package_discovery:discover_packages(recursive) check parameters
[3.134s] Level 1:colcon.colcon_core.package_discovery:discover_packages(ignore) check parameters
[3.134s] Level 1:colcon.colcon_core.package_discovery:discover_packages(path) check parameters
[3.134s] Level 1:colcon.colcon_core.package_discovery:discover_packages(colcon_meta) discover
[3.134s] Level 1:colcon.colcon_core.package_discovery:discover_packages(recursive) discover
[3.134s] INFO:colcon.colcon_core.package_discovery:Crawling recursively for packages in '/home/automation/projec_ws/cppros2_projects/avoid_obstacle'
[3.135s] Level 1:colcon.colcon_core.package_identification:_identify(.) by extensions ['ignore', 'ignore_ament_install']
[3.136s] Level 1:colcon.colcon_core.package_identification:_identify(.) by extension 'ignore'
[3.136s] Level 1:colcon.colcon_core.package_identification:_identify(.) by extension 'ignore_ament_install'
[3.136s] Level 1:colcon.colcon_core.package_identification:_identify(.) by extensions ['colcon_pkg']
[3.136s] Level 1:colcon.colcon_core.package_identification:_identify(.) by extension 'colcon_pkg'
[3.137s] Level 1:colcon.colcon_core.package_identification:_identify(.) by extensions ['colcon_meta']
[3.137s] Level 1:colcon.colcon_core.package_identification:_identify(.) by extension 'colcon_meta'
[3.137s] Level 1:colcon.colcon_core.package_identification:_identify(.) by extensions ['ros']
[3.137s] Level 1:colcon.colcon_core.package_identification:_identify(.) by extension 'ros'
[3.187s] DEBUG:colcon.colcon_core.package_identification:Package '.' with type 'ros.ament_cmake' and name 'avoid_obstacle'
[3.187s] Level 1:colcon.colcon_core.package_discovery:discover_packages(recursive) using defaults
[3.187s] Level 1:colcon.colcon_core.package_discovery:discover_packages(ignore) discover
[3.187s] Level 1:colcon.colcon_core.package_discovery:discover_packages(ignore) using defaults
[3.188s] Level 1:colcon.colcon_core.package_discovery:discover_packages(path) discover
[3.188s] Level 1:colcon.colcon_core.package_discovery:discover_packages(path) using defaults
[3.480s] Level 5:colcon.colcon_core.verb:set package 'avoid_obstacle' build argument 'cmake_args' from command line to 'None'
[3.480s] Level 5:colcon.colcon_core.verb:set package 'avoid_obstacle' build argument 'cmake_target' from command line to 'None'
[3.480s] Level 5:colcon.colcon_core.verb:set package 'avoid_obstacle' build argument 'cmake_target_skip_unavailable' from command line to 'False'
[3.481s] Level 5:colcon.colcon_core.verb:set package 'avoid_obstacle' build argument 'cmake_clean_cache' from command line to 'False'
[3.481s] Level 5:colcon.colcon_core.verb:set package 'avoid_obstacle' build argument 'cmake_clean_first' from command line to 'False'
[3.481s] Level 5:colcon.colcon_core.verb:set package 'avoid_obstacle' build argument 'cmake_force_configure' from command line to 'False'
[3.481s] Level 5:colcon.colcon_core.verb:set package 'avoid_obstacle' build argument 'ament_cmake_args' from command line to 'None'
[3.481s] Level 5:colcon.colcon_core.verb:set package 'avoid_obstacle' build argument 'catkin_cmake_args' from command line to 'None'
[3.481s] Level 5:colcon.colcon_core.verb:set package 'avoid_obstacle' build argument 'catkin_skip_building_tests' from command line to 'False'
[3.482s] DEBUG:colcon.colcon_core.verb:Building package 'avoid_obstacle' with the following arguments: {'ament_cmake_args': None, 'build_base': '/home/automation/projec_ws/cppros2_projects/avoid_obstacle/build/avoid_obstacle', 'catkin_cmake_args': None, 'catkin_skip_building_tests': False, 'cmake_args': None, 'cmake_clean_cache': False, 'cmake_clean_first': False, 'cmake_force_configure': False, 'cmake_target': None, 'cmake_target_skip_unavailable': False, 'install_base': '/home/automation/projec_ws/cppros2_projects/avoid_obstacle/install/avoid_obstacle', 'merge_install': False, 'path': '/home/automation/projec_ws/cppros2_projects/avoid_obstacle', 'symlink_install': False, 'test_result_base': None}
[3.486s] INFO:colcon.colcon_core.executor:Executing jobs using 'parallel' executor
[3.515s] DEBUG:colcon.colcon_parallel_executor.executor.parallel:run_until_complete
[3.516s] INFO:colcon.colcon_ros.task.ament_cmake.build:Building ROS package in '/home/automation/projec_ws/cppros2_projects/avoid_obstacle' with build type 'ament_cmake'
[3.516s] INFO:colcon.colcon_cmake.task.cmake.build:Building CMake package in '/home/automation/projec_ws/cppros2_projects/avoid_obstacle'
[3.553s] INFO:colcon.colcon_core.plugin_system:Skipping extension 'colcon_core.shell.bat': Not used on non-Windows systems
[3.554s] INFO:colcon.colcon_core.shell:Skip shell extension 'powershell' for command environment: Not usable outside of PowerShell
[3.554s] DEBUG:colcon.colcon_core.shell:Skip shell extension 'dsv' for command environment
[3.728s] DEBUG:colcon.colcon_core.event_handler.log_command:Invoking command in '/home/automation/projec_ws/cppros2_projects/avoid_obstacle/build/avoid_obstacle': CMAKE_PREFIX_PATH=/home/automation/projec_ws/ros2Projects/install/ros2_teleop_keyboard:/home/automation/projec_ws/ros2Projects/install/obstacle_avoidance:/home/automation/projec_ws/ros2Projects/install/blink_publisher:/home/automation/projec_ws/ros2Projects/install/WirelessRangeEstimator:/opt/ros/humble /usr/bin/cmake --build /home/automation/projec_ws/cppros2_projects/avoid_obstacle/build/avoid_obstacle -- -j2 -l2
[25.409s] DEBUG:colcon.colcon_core.event_handler.log_command:Invoked command in '/home/automation/projec_ws/cppros2_projects/avoid_obstacle/build/avoid_obstacle' returned '2': CMAKE_PREFIX_PATH=/home/automation/projec_ws/ros2Projects/install/ros2_teleop_keyboard:/home/automation/projec_ws/ros2Projects/install/obstacle_avoidance:/home/automation/projec_ws/ros2Projects/install/blink_publisher:/home/automation/projec_ws/ros2Projects/install/WirelessRangeEstimator:/opt/ros/humble /usr/bin/cmake --build /home/automation/projec_ws/cppros2_projects/avoid_obstacle/build/avoid_obstacle -- -j2 -l2
[26.008s] Level 1:colcon.colcon_core.environment:create_environment_scripts_only(avoid_obstacle)
[26.213s] Level 1:colcon.colcon_core.environment:checking '/home/automation/projec_ws/cppros2_projects/avoid_obstacle/install/avoid_obstacle' for CMake module files
[26.226s] Level 1:colcon.colcon_core.environment:checking '/home/automation/projec_ws/cppros2_projects/avoid_obstacle/install/avoid_obstacle' for CMake config files
[26.265s] Level 1:colcon.colcon_core.environment:checking '/home/automation/projec_ws/cppros2_projects/avoid_obstacle/install/avoid_obstacle/bin'
[26.266s] Level 1:colcon.colcon_core.environment:checking '/home/automation/projec_ws/cppros2_projects/avoid_obstacle/install/avoid_obstacle/lib/pkgconfig/avoid_obstacle.pc'
[26.316s] Level 1:colcon.colcon_core.environment:checking '/home/automation/projec_ws/cppros2_projects/avoid_obstacle/install/avoid_obstacle/lib/python3.10/site-packages'
[26.319s] Level 1:colcon.colcon_core.environment:checking '/home/automation/projec_ws/cppros2_projects/avoid_obstacle/install/avoid_obstacle/bin'
[26.339s] INFO:colcon.colcon_core.shell:Creating package script '/home/automation/projec_ws/cppros2_projects/avoid_obstacle/install/avoid_obstacle/share/avoid_obstacle/package.ps1'
[26.401s] INFO:colcon.colcon_core.shell:Creating package descriptor '/home/automation/projec_ws/cppros2_projects/avoid_obstacle/install/avoid_obstacle/share/avoid_obstacle/package.dsv'
[26.408s] INFO:colcon.colcon_core.shell:Creating package script '/home/automation/projec_ws/cppros2_projects/avoid_obstacle/install/avoid_obstacle/share/avoid_obstacle/package.sh'
[26.417s] INFO:colcon.colcon_core.shell:Creating package script '/home/automation/projec_ws/cppros2_projects/avoid_obstacle/install/avoid_obstacle/share/avoid_obstacle/package.bash'
[26.424s] INFO:colcon.colcon_core.shell:Creating package script '/home/automation/projec_ws/cppros2_projects/avoid_obstacle/install/avoid_obstacle/share/avoid_obstacle/package.zsh'
[26.429s] Level 1:colcon.colcon_core.environment:create_file_with_runtime_dependencies(/home/automation/projec_ws/cppros2_projects/avoid_obstacle/install/avoid_obstacle/share/colcon-core/packages/avoid_obstacle)
[26.465s] DEBUG:colcon.colcon_parallel_executor.executor.parallel:closing loop
[26.476s] DEBUG:colcon.colcon_parallel_executor.executor.parallel:loop closed
[26.479s] DEBUG:colcon.colcon_parallel_executor.executor.parallel:run_until_complete finished with '2'
[26.484s] DEBUG:colcon.colcon_core.event_reactor:joining thread
[26.643s] INFO:colcon.colcon_core.plugin_system:Skipping extension 'colcon_notification.desktop_notification.terminal_notifier': Not used on non-Darwin systems
[26.644s] INFO:colcon.colcon_core.plugin_system:Skipping extension 'colcon_notification.desktop_notification.win32': Not used on non-Windows systems
[26.644s] INFO:colcon.colcon_notification.desktop_notification:Sending desktop notification using 'notify2'
[28.091s] DEBUG:colcon.colcon_core.event_reactor:joined thread
[28.121s] INFO:colcon.colcon_core.shell:Creating prefix script '/home/automation/projec_ws/cppros2_projects/avoid_obstacle/install/local_setup.ps1'
[28.127s] INFO:colcon.colcon_core.shell:Creating prefix util module '/home/automation/projec_ws/cppros2_projects/avoid_obstacle/install/_local_setup_util_ps1.py'
[28.135s] INFO:colcon.colcon_core.shell:Creating prefix chain script '/home/automation/projec_ws/cppros2_projects/avoid_obstacle/install/setup.ps1'
[28.197s] INFO:colcon.colcon_core.shell:Creating prefix script '/home/automation/projec_ws/cppros2_projects/avoid_obstacle/install/local_setup.sh'
[28.208s] INFO:colcon.colcon_core.shell:Creating prefix util module '/home/automation/projec_ws/cppros2_projects/avoid_obstacle/install/_local_setup_util_sh.py'
[28.216s] INFO:colcon.colcon_core.shell:Creating prefix chain script '/home/automation/projec_ws/cppros2_projects/avoid_obstacle/install/setup.sh'
[28.269s] INFO:colcon.colcon_core.shell:Creating prefix script '/home/automation/projec_ws/cppros2_projects/avoid_obstacle/install/local_setup.bash'
[28.273s] INFO:colcon.colcon_core.shell:Creating prefix chain script '/home/automation/projec_ws/cppros2_projects/avoid_obstacle/install/setup.bash'
[28.303s] INFO:colcon.colcon_core.shell:Creating prefix script '/home/automation/projec_ws/cppros2_projects/avoid_obstacle/install/local_setup.zsh'
[28.305s] INFO:colcon.colcon_core.shell:Creating prefix chain script '/home/automation/projec_ws/cppros2_projects/avoid_obstacle/install/setup.zsh'
